build/app/outputs/mapping/release/seeds.txt
com.app.radiorodovia.MainActivity
com.app.radiorodovia.MainActivity: MainActivity()
...
com.google.android.gms.internal.ads.zzgid: int zzb
com.google.android.gms.internal.ads.zzjq: com.google.android.gms.internal.ads.zzjq zzg
androidx.window.R$styleable: int[] SplitPairRule
com.google.android.gms.internal.ads.zzki: long zzl
com.google.android.gms.internal.ads.zzbaj: int zzf
androidx.window.layout.FoldingFeature$OcclusionType: androidx.window.layout.FoldingFeature$OcclusionType FULL
com.google.android.gms.internal.ads.zzkl: long zzZ
com.google.android.gms.internal.measurement.zzfy: long zzk
com.dexterous.flutterlocalnotifications.FlutterLocalNotificationsPlugin: java.lang.String GET_NOTIFICATION_CHANNELS_ERROR_CODE
com.dexterous.flutterlocalnotifications.models.BitmapSource: com.dexterous.flutterlocalnotifications.models.BitmapSource FilePath
com.google.android.gms.internal.ads.zzfxj: com.google.android.gms.internal.ads.zzfxj zzf
com.google.android.gms.internal.measurement.zzel: java.lang.String zzi
com.google.android.gms.internal.ads.zzbba: int zzm
com.dexterous.flutterlocalnotifications.models.styles.InboxStyleInformation: java.lang.Boolean htmlFormatContentTitle
kotlinx.coroutines.channels.AbstractSendChannel: java.lang.Object onCloseHandler
com.google.android.gms.internal.measurement.zzgh: com.google.android.gms.internal.measurement.zzgh zza
com.google.android.gms.internal.ads.zzfxd: int zzb
com.google.android.gms.internal.ads.zzkl: long zzG
com.dexterous.flutterlocalnotifications.models.NotificationDetails: java.lang.String MAX_PROGRESS
io.flutter.plugin.platform.SingleViewPresentation: android.content.Context outerContext
androidx.window.R$styleable: int[] SplitPlaceholderRule
androidx.window.R$attr: int finishSecondaryWithPrimary
com.dexterous.flutterlocalnotifications.models.NotificationDetails: java.lang.Boolean ongoing
com.google.android.gms.internal.ads.zzapc: android.os.Parcelable$Creator CREATOR
com.google.android.gms.internal.measurement.zzex: int zzf
com.google.android.gms.internal.measurement.zzfy: long zzm
com.google.android.gms.internal.ads.zzach: android.os.Parcelable$Creator CREATOR
com.dexterous.flutterlocalnotifications.models.NotificationChannelDetails: long[] vibrationPattern
com.google.android.exoplayer2.metadata.icy.IcyHeaders: android.os.Parcelable$Creator CREATOR
com.google.android.gms.internal.ads.zzfir: android.os.Parcelable$Creator CREATOR
com.google.android.gms.internal.ads.zzbah: com.google.android.gms.internal.ads.zzbbf zzo
androidx.window.R$attr: int activityAction
com.dexterous.flutterlocalnotifications.FlutterLocalNotificationsPlugin: android.content.Context applicationContext
com.dexterous.flutterlocalnotifications.models.BitmapSource: com.dexterous.flutterlocalnotifications.models.BitmapSource[] $VALUES
com.google.android.gms.measurement.internal.zzas: android.os.Parcelable$Creator CREATOR
io.flutter.embedding.engine.FlutterJNI: java.util.Set flutterUiDisplayListeners
io.flutter.view.FlutterCallbackInformation: java.lang.String callbackName
com.dexterous.flutterlocalnotifications.models.NotificationDetails: java.lang.String VIBRATION_PATTERN
kotlin.jvm.internal.CallableReference: java.lang.Object NO_RECEIVER
com.google.android.gms.internal.ads.zzgie: com.google.android.gms.internal.ads.zzgid zze
com.google.android.gms.internal.ads.zzgae: java.lang.String zzb
com.google.android.gms.internal.ads.zzbbf: com.google.android.gms.internal.ads.zzbbf zzl
com.google.android.gms.internal.ads.zzkk: long zzf
com.google.android.gms.internal.ads.zzfwf: com.google.android.gms.internal.ads.zzfyz zzf
com.dexterous.flutterlocalnotifications.models.Time: java.lang.String MINUTE
com.google.android.gms.internal.ads.zzjn: java.lang.String zzh
com.google.android.gms.internal.ads.zzfwu: com.google.android.gms.internal.ads.zzfxa zze
com.google.android.gms.signin.internal.zaa: android.os.Parcelable$Creator CREATOR
com.google.android.gms.internal.ads.zzfzo: java.lang.String zzh
com.dexterous.flutterlocalnotifications.models.styles.BigPictureStyleInformation: java.lang.Boolean hideExpandedLargeIcon