build/app/outputs/mapping/release/usage.txt
com.app.radiorodovia.BuildConfig
com.app.radiorodovia.R$array
com.app.radiorodovia.R$attr
com.app.radiorodovia.R$bool
com.app.radiorodovia.R$color
com.app.radiorodovia.R$dimen
com.app.radiorodovia.R$drawable
com.app.radiorodovia.R$font
com.app.radiorodovia.R$id
com.app.radiorodovia.R$integer
com.app.radiorodovia.R$layout
com.app.radiorodovia.R$mipmap
com.app.radiorodovia.R$plurals
com.app.radiorodovia.R$raw
com.app.radiorodovia.R$string
com.app.radiorodovia.R$style
com.app.radiorodovia.R$styleable
com.app.radiorodovia.R$xml
com.app.radiorodovia.R
...
com.google.common.graph.MapIteratorCache$1
com.google.common.graph.MapIteratorCache
com.google.common.graph.MapRetrievalCache$CacheEntry
com.google.common.graph.MapRetrievalCache
com.google.common.graph.MultiEdgesConnecting$1
com.google.common.graph.MultiEdgesConnecting
com.google.common.graph.MutableGraph
com.google.common.graph.MutableNetwork
com.google.common.graph.MutableValueGraph
com.google.common.graph.Network
com.google.common.graph.NetworkBuilder
com.google.common.graph.NetworkConnections
com.google.common.graph.PredecessorsFunction
com.google.common.graph.SuccessorsFunction
com.google.common.graph.Traverser$1
com.google.common.graph.Traverser$GraphTraverser$1
com.google.common.graph.Traverser$GraphTraverser$2
com.google.common.graph.Traverser$GraphTraverser$3
com.google.common.graph.Traverser$GraphTraverser$BreadthFirstIterator
com.google.common.graph.Traverser$GraphTraverser$DepthFirstIterator$NodeAndSuccessors
com.google.common.graph.Traverser$GraphTraverser$DepthFirstIterator
com.google.common.graph.Traverser$GraphTraverser
com.google.common.graph.Traverser$Order
com.google.common.graph.Traverser$TreeTraverser$1
com.google.common.graph.Traverser$TreeTraverser$2
com.google.common.graph.Traverser$TreeTraverser$3
com.google.common.graph.Traverser$TreeTraverser$BreadthFirstIterator
com.google.common.graph.Traverser$TreeTraverser$DepthFirstPostOrderIterator$NodeAndChildren
com.google.common.graph.Traverser$TreeTraverser$DepthFirstPostOrderIterator
com.google.common.graph.Traverser$TreeTraverser$DepthFirstPreOrderIterator
com.google.common.graph.Traverser$TreeTraverser
com.google.common.graph.Traverser
com.google.common.graph.UndirectedGraphConnections
com.google.common.graph.UndirectedMultiNetworkConnections$1
com.google.common.graph.UndirectedMultiNetworkConnections
com.google.common.graph.UndirectedNetworkConnections
com.google.common.graph.ValueGraph
com.google.common.graph.ValueGraphBuilder
com.google.common.graph.package-info
com.google.common.hash.AbstractByteHasher
com.google.common.hash.AbstractCompositeHashFunction$1
com.google.common.hash.AbstractCompositeHashFunction
com.google.common.hash.AbstractHashFunction
com.google.common.hash.AbstractHasher
com.google.common.hash.AbstractNonStreamingHashFunction$BufferingHasher
com.google.common.hash.AbstractNonStreamingHashFunction$ExposedByteArrayOutputStream
com.google.common.hash.AbstractNonStreamingHashFunction
com.google.common.hash.AbstractStreamingHasher
com.google.common.hash.BloomFilter$1
com.google.common.hash.BloomFilter$SerialForm
com.google.common.hash.BloomFilter$Strategy
com.google.common.hash.BloomFilter
com.google.common.hash.BloomFilterStrategies$1
com.google.common.hash.BloomFilterStrategies$2
com.google.common.hash.BloomFilterStrategies$LockFreeBitArray
com.google.common.hash.BloomFilterStrategies
com.google.common.hash.ChecksumHashFunction$1
com.google.common.hash.ChecksumHashFunction$ChecksumHasher
com.google.common.hash.ChecksumHashFunction
com.google.common.hash.Crc32cHashFunction$Crc32cHasher
com.google.common.hash.Crc32cHashFunction
com.google.common.hash.FarmHashFingerprint64
com.google.common.hash.Funnel
com.google.common.hash.Funnels$ByteArrayFunnel
com.google.common.hash.Funnels$IntegerFunnel
com.google.common.hash.Funnels$LongFunnel
com.google.common.hash.Funnels$SequentialFunnel
com.google.common.hash.Funnels$SinkAsStream
com.google.common.hash.Funnels$StringCharsetFunnel$SerializedForm
com.google.common.hash.Funnels$StringCharsetFunnel
com.google.common.hash.Funnels$UnencodedCharsFunnel
com.google.common.hash.Funnels
com.google.common.hash.HashCode$BytesHashCode
com.google.common.hash.HashCode$IntHashCode
com.google.common.hash.HashCode$LongHashCode
com.google.common.hash.HashCode
com.google.common.hash.HashFunction
com.google.common.hash.Hasher
com.google.common.hash.Hashing$1
com.google.common.hash.Hashing$ChecksumType$1
com.google.common.hash.Hashing$ChecksumType$2
com.google.common.hash.Hashing$ChecksumType